<!DOCTYPE html>
<html lang="en">
<head>
    <meta charset="UTF-8">
    <meta name="viewport" content="width=device-width, initial-scale=1.0">
    <title>LegalEase - AI-Powered Legal Documents</title>
    <link rel="stylesheet" href="https://cdnjs.cloudflare.com/ajax/libs/bootstrap/5.3.0/css/bootstrap.min.css">
    <style>
        body {
            font-family: Arial, sans-serif;
        }
        .hero {
            background: linear-gradient(to right, #007BFF, #6C63FF);
            color: white;
            padding: 100px 20px;
            text-align: center;
        }
        .features-icon {
            font-size: 40px;
            color: #007BFF;
        }
        .pricing-plan {
            border: 1px solid #ddd;
            border-radius: 8px;
            padding: 20px;
            text-align: center;
        }
        footer {
            background: #f8f9fa;
            padding: 20px;
            text-align: center;
        }
    </style>
</head>
<body>

    <!-- Header Section -->
    <header class="bg-light py-3">
        <div class="container d-flex justify-content-between align-items-center">
            <h1 class="text-primary">LegalEase</h1>
            <nav>
                <a href="#features" class="mx-3">Features</a>
                <a href="#templates" class="mx-3">Templates</a>
                <a href="#how-it-works" class="mx-3">How It Works</a>
                <a href="#pricing" class="mx-3">Pricing</a>
                <a href="#contact" class="mx-3">Contact</a>
            </nav>
            <a href="#" class="btn btn-primary">Start Drafting</a>
        </div>
    </header>

    <!-- Hero Section -->
    <section class="hero">
        <div class="container">
            <h2>Draft Professional Legal Documents in Minutes</h2>
            <p class="lead">Save time and money by generating contracts, NDAs, and agreements with AI-powered precision.</p>
            <a href="#templates" class="btn btn-light btn-lg">Get Started for Free</a>
        </div>
    </section>

    <!-- Features Section -->
    <section id="features" class="py-5">
        <div class="container text-center">
            <h3 class="mb-4">Why Choose LegalEase?</h3>
            <div class="row">
                <div class="col-md-4">
                    <i class="features-icon bi bi-lightning"></i>
                    <h5 class="mt-3">Fast and Accurate</h5>
                    <p>Generate documents in seconds with AI-powered precision.</p>
                </div>
                <div class="col-md-4">
                    <i class="features-icon bi bi-pencil"></i>
                    <h5 class="mt-3">Customizable</h5>
                    <p>Edit templates with your unique details and clauses.</p>
                </div>
                <div class="col-md-4">
                    <i class="features-icon bi bi-wallet"></i>
                    <h5 class="mt-3">Affordable</h5>
                    <p>Save up to 90% compared to hiring a lawyer.</p>
                </div>
            </div>
        </div>
    </section>

    <!-- Templates Section -->
    <section id="templates" class="py-5 bg-light">
        <div class="container">
            <h3 class="text-center mb-4">Explore Our Templates</h3>
            <div class="row">
                <div class="col-md-4">
                    <div class="card">
                        <div class="card-body">
                            <h5 class="card-title">Non-Disclosure Agreement (NDA)</h5>
                            <p class="card-text">Ensure confidentiality with this comprehensive NDA template.</p>
                            <a href="#" class="btn btn-primary">Use Template</a>
                        </div>
                    </div>
                </div>
                <div class="col-md-4">
                    <div class="card">
                        <div class="card-body">
                            <h5 class="card-title">Service Agreement</h5>
                            <p class="card-text">Outline the terms of service with this clear and concise agreement.</p>
                            <a href="#" class="btn btn-primary">Use Template</a>
                        </div>
                    </div>
                </div>
                <div class="col-md-4">
                    <div class="card">
                        <div class="card-body">
                            <h5 class="card-title">Employment Contract</h5>
                            <p class="card-text">Protect both employer and employee rights with this contract.</p>
                            <a href="#" class="btn btn-primary">Use Template</a>
                        </div>
                    </div>
                </div>
            </div>
        </div>
    </section>

    <!-- How It Works Section -->
    <section id="how-it-works" class="py-5">
        <div class="container text-center">
            <h3 class="mb-4">How It Works</h3>
            <div class="row">
                <div class="col-md-4">
                    <h5>1. Choose a Template</h5>
                    <p>Select from our library of legal document templates.</p>
                </div>
                <div class="col-md-4">
                    <h5>2. Fill in Your Details</h5>
                    <p>Provide names, dates, and terms to customize your document.</p>
                </div>
                <div class="col-md-4">
                    <h5>3. Download Your Document</h5>
                    <p>Get a professional, ready-to-use document instantly.</p>
                </div>
            </div>
        </div>
    </section>

    <!-- Pricing Section -->
    <section id="pricing" class="py-5 bg-light">
        <div class="container text-center">
            <h3 class="mb-4">Flexible Pricing Plans</h3>
            <div class="row">
                <div class="col-md-4">
                    <div class="pricing-plan">
                        <h5>Free Plan</h5>
                        <p>$0/month</p>
                        <ul>
                            <li>3 drafts per month</li>
                            <li>Basic templates</li>
                        </ul>
                        <a href="#" class="btn btn-primary">Choose Plan</a>
                    </div>
                </div>
                <div class="col-md-4">
                    <div class="pricing-plan">
                        <h5>Pro Plan</h5>
                        <p>$25/month</p>
                        <ul>
                            <li>Unlimited drafts</li>
                            <li>All templates</li>
                            <li>Advanced compliance checks</li>
                        </ul>
                        <a href="#" class="btn btn-primary">Choose Plan</a>
                    </div>
                </div>
                <div class="col-md-4">
                    <div class="pricing-plan">
                        <h5>Enterprise Plan</h5>
                        <p>Custom Pricing</p>
                        <ul>
                            <li>Team access</li>
                            <li>Custom templates</li>
                            <li>Priority support</li>
                        </ul>
                        <a href="#" class="btn btn-primary">Contact Us</a>
                    </div>
                </div>
            </div>
        </div>
    </section>

    <!-- Footer Section -->
    <footer>
        <p>&copy; 2025 LegalEase. All rights reserved. | <a href="#">Privacy Policy</a> | <a href="#">Terms of Service</a></p>
    </footer>

    <script src="https://cdnjs.cloudflare.com/ajax/libs/bootstrap/5.3.0/js/bootstrap.bundle.min.js"></script>
</body>
</html>
